<?xml version="1.0" encoding="UTF-8"?>
<robot generator="Robot 7.0 (Python 3.11.14 on linux)" generated="2026-01-03T21:47:44.999630" rpa="false" schemaversion="5">
<suite id="s1" name="Tests" source="/home/runner/work/website-tests/website-tests/tests">
<suite id="s1-s1" name="Login" source="/home/runner/work/website-tests/website-tests/tests/login.robot">
<kw name="Abrir Navegador" owner="common" type="SETUP">
<kw name="Run Keyword If" owner="BuiltIn">
<kw name="Abrir Navegador Headless" owner="common">
<kw name="Open Browser" owner="SeleniumLibrary">
<msg time="2026-01-03T21:47:45.172964" level="INFO">Opening browser 'chrome' to base url 'https://website-app-psi.vercel.app'.</msg>
<arg>${BASE_URL}</arg>
<arg>${BROWSER}</arg>
<arg>options=add_argument("--headless")</arg>
<doc>Opens a new browser instance to the optional ``url``.</doc>
<status status="PASS" start="2026-01-03T21:47:45.172730" elapsed="6.701794"/>
</kw>
<kw name="Maximize Browser Window" owner="SeleniumLibrary">
<doc>Maximizes current browser window.</doc>
<status status="PASS" start="2026-01-03T21:47:51.874872" elapsed="0.041290"/>
</kw>
<status status="PASS" start="2026-01-03T21:47:45.172548" elapsed="6.743758"/>
</kw>
<arg>'${HEADLESS}' == 'true'</arg>
<arg>Abrir Navegador Headless</arg>
<arg>ELSE</arg>
<arg>Abrir Navegador Visual</arg>
<doc>Runs the given keyword with the given arguments, if ``condition`` is true.</doc>
<status status="PASS" start="2026-01-03T21:47:45.172262" elapsed="6.744106"/>
</kw>
<status status="PASS" start="2026-01-03T21:47:45.171652" elapsed="6.744789"/>
</kw>
<test id="s1-s1-t1" name="Login exitoso con credenciales válidas" line="9">
<kw name="Ingresar credenciales válidas" owner="common">
<kw name="Wait Until Element Is Visible" owner="SeleniumLibrary">
<arg>${InputUsuario}</arg>
<arg>${TIMEOUT10S}</arg>
<doc>Waits until the element ``locator`` is visible.</doc>
<status status="PASS" start="2026-01-03T21:47:51.917783" elapsed="0.081438"/>
</kw>
<kw name="Input Text" owner="SeleniumLibrary">
<msg time="2026-01-03T21:47:51.999740" level="INFO">Typing text 'testuser' into text field 'id=username-input'.</msg>
<arg>${InputUsuario}</arg>
<arg>${USERNAME}</arg>
<doc>Types the given ``text`` into the text field identified by ``locator``.</doc>
<status status="PASS" start="2026-01-03T21:47:51.999452" elapsed="0.147414"/>
</kw>
<kw name="Input Text" owner="SeleniumLibrary">
<msg time="2026-01-03T21:47:52.147518" level="INFO">Typing text 'testpass123PQ' into text field 'id=password-input'.</msg>
<arg>${InputContrasena}</arg>
<arg>${PASSWORD}</arg>
<doc>Types the given ``text`` into the text field identified by ``locator``.</doc>
<status status="PASS" start="2026-01-03T21:47:52.147167" elapsed="0.085569"/>
</kw>
<status status="PASS" start="2026-01-03T21:47:51.917526" elapsed="0.315345"/>
</kw>
<kw name="Hacer login" owner="common">
<kw name="Click Button" owner="SeleniumLibrary">
<msg time="2026-01-03T21:47:52.233552" level="INFO">Clicking button 'id=login-button'.</msg>
<arg>${BotonIniciarSesion}</arg>
<doc>Clicks the button identified by ``locator``.</doc>
<status status="PASS" start="2026-01-03T21:47:52.233365" elapsed="0.139726"/>
</kw>
<status status="PASS" start="2026-01-03T21:47:52.233090" elapsed="0.140137"/>
</kw>
<kw name="Validar Login Exitoso" owner="common">
<kw name="Wait Until Element Is Visible" owner="SeleniumLibrary">
<arg>${BotonCerrarSesion}</arg>
<arg>${TIMEOUT10S}</arg>
<doc>Waits until the element ``locator`` is visible.</doc>
<status status="PASS" start="2026-01-03T21:47:52.373791" elapsed="3.265585"/>
</kw>
<status status="PASS" start="2026-01-03T21:47:52.373478" elapsed="3.266035"/>
</kw>
<kw name="Hacer Logout" owner="common">
<kw name="Click Button" owner="SeleniumLibrary">
<msg time="2026-01-03T21:47:55.640187" level="INFO">Clicking button 'id=logout-button'.</msg>
<arg>${BotonCerrarSesion}</arg>
<doc>Clicks the button identified by ``locator``.</doc>
<status status="PASS" start="2026-01-03T21:47:55.640004" elapsed="0.061103"/>
</kw>
<status status="PASS" start="2026-01-03T21:47:55.639715" elapsed="0.061553"/>
</kw>
<kw name="Validar Logout" owner="common">
<kw name="Wait Until Element Is Visible" owner="SeleniumLibrary">
<arg>${BotonIniciarSesion}</arg>
<arg>${TIMEOUT10S}</arg>
<doc>Waits until the element ``locator`` is visible.</doc>
<status status="PASS" start="2026-01-03T21:47:55.701936" elapsed="1.112309"/>
</kw>
<status status="PASS" start="2026-01-03T21:47:55.701536" elapsed="1.112835"/>
</kw>
<doc>Verifica que el usuario pueda iniciar sesión correctamente</doc>
<status status="PASS" start="2026-01-03T21:47:51.916981" elapsed="4.897522"/>
</test>
<kw name="Cerrar Navegador" owner="common" type="TEARDOWN">
<kw name="Close Browser" owner="SeleniumLibrary">
<doc>Closes the current browser.</doc>
<status status="PASS" start="2026-01-03T21:47:56.815307" elapsed="0.062446"/>
</kw>
<status status="PASS" start="2026-01-03T21:47:56.815103" elapsed="0.062763"/>
</kw>
<status status="PASS" start="2026-01-03T21:47:45.021323" elapsed="11.856629"/>
</suite>
<status status="PASS" start="2026-01-03T21:47:45.000501" elapsed="11.878114"/>
</suite>
<statistics>
<total>
<stat pass="1" fail="0" skip="0">All Tests</stat>
</total>
<tag>
</tag>
<suite>
<stat pass="1" fail="0" skip="0" id="s1" name="Tests">Tests</stat>
<stat pass="1" fail="0" skip="0" id="s1-s1" name="Login">Tests.Login</stat>
</suite>
</statistics>
<errors>
</errors>
</robot>
